{"C:\\Users\\galko\\Downloads\\Assignment2Web\\src\\server.ts": {"path":"C:\\Users\\galko\\Downloads\\Assignment2Web\\src\\server.ts","statementMap":{"0":{"start":{"line":9,"column":12},"end":{"line":9,"column":21}},"1":{"start":{"line":10,"column":21},"end":{"line":10,"column":53}},"2":{"start":{"line":12,"column":0},"end":{"line":12,"column":24}},"3":{"start":{"line":13,"column":0},"end":{"line":13,"column":48}},"4":{"start":{"line":15,"column":0},"end":{"line":15,"column":34}},"5":{"start":{"line":16,"column":0},"end":{"line":16,"column":41}},"6":{"start":{"line":17,"column":0},"end":{"line":17,"column":35}},"7":{"start":{"line":19,"column":0},"end":{"line":21,"column":3}},"8":{"start":{"line":20,"column":2},"end":{"line":20,"column":52}},"9":{"start":{"line":23,"column":27},"end":{"line":34,"column":1}},"10":{"start":{"line":24,"column":2},"end":{"line":33,"column":3}},"11":{"start":{"line":25,"column":4},"end":{"line":25,"column":22}},"12":{"start":{"line":26,"column":4},"end":{"line":29,"column":7}},"13":{"start":{"line":27,"column":6},"end":{"line":27,"column":64}},"14":{"start":{"line":28,"column":6},"end":{"line":28,"column":57}},"15":{"start":{"line":31,"column":4},"end":{"line":31,"column":52}},"16":{"start":{"line":32,"column":4},"end":{"line":32,"column":20}},"17":{"start":{"line":36,"column":0},"end":{"line":36,"column":14}}},"fnMap":{"0":{"name":"(anonymous_0)","decl":{"start":{"line":19,"column":19},"end":{"line":19,"column":20}},"loc":{"start":{"line":19,"column":52},"end":{"line":21,"column":1}}},"1":{"name":"(anonymous_1)","decl":{"start":{"line":23,"column":27},"end":{"line":23,"column":32}},"loc":{"start":{"line":23,"column":53},"end":{"line":34,"column":1}}},"2":{"name":"(anonymous_2)","decl":{"start":{"line":26,"column":21},"end":{"line":26,"column":24}},"loc":{"start":{"line":26,"column":26},"end":{"line":29,"column":5}}}},"branchMap":{"0":{"loc":{"start":{"line":10,"column":21},"end":{"line":10,"column":53}},"type":"binary-expr","locations":[{"start":{"line":10,"column":21},"end":{"line":10,"column":45}},{"start":{"line":10,"column":49},"end":{"line":10,"column":53}}]}},"s":{"0":0,"1":0,"2":0,"3":0,"4":0,"5":0,"6":0,"7":0,"8":0,"9":0,"10":0,"11":0,"12":0,"13":0,"14":0,"15":0,"16":0,"17":0},"f":{"0":0,"1":0,"2":0},"b":{"0":[0,0]}}
,"C:\\Users\\galko\\Downloads\\Assignment2Web\\src\\config\\database.ts": {"path":"C:\\Users\\galko\\Downloads\\Assignment2Web\\src\\config\\database.ts","statementMap":{"0":{"start":{"line":3,"column":28},"end":{"line":3,"column":97}},"1":{"start":{"line":5,"column":25},"end":{"line":13,"column":1}},"2":{"start":{"line":6,"column":2},"end":{"line":12,"column":3}},"3":{"start":{"line":7,"column":4},"end":{"line":7,"column":40}},"4":{"start":{"line":8,"column":4},"end":{"line":8,"column":37}},"5":{"start":{"line":10,"column":4},"end":{"line":10,"column":54}},"6":{"start":{"line":11,"column":4},"end":{"line":11,"column":20}}},"fnMap":{"0":{"name":"(anonymous_0)","decl":{"start":{"line":5,"column":25},"end":{"line":5,"column":30}},"loc":{"start":{"line":5,"column":51},"end":{"line":13,"column":1}}}},"branchMap":{"0":{"loc":{"start":{"line":3,"column":28},"end":{"line":3,"column":97}},"type":"binary-expr","locations":[{"start":{"line":3,"column":28},"end":{"line":3,"column":51}},{"start":{"line":3,"column":55},"end":{"line":3,"column":97}}]}},"s":{"0":0,"1":0,"2":0,"3":0,"4":0,"5":0,"6":0},"f":{"0":0},"b":{"0":[0,0]}}
,"C:\\Users\\galko\\Downloads\\Assignment2Web\\src\\router\\mocks.ts": {"path":"C:\\Users\\galko\\Downloads\\Assignment2Web\\src\\router\\mocks.ts","statementMap":{"0":{"start":{"line":3,"column":24},"end":{"line":8,"column":2}},"1":{"start":{"line":10,"column":24},"end":{"line":14,"column":2}},"2":{"start":{"line":16,"column":28},"end":{"line":20,"column":2}},"3":{"start":{"line":22,"column":46},"end":{"line":25,"column":2}},"4":{"start":{"line":27,"column":36},"end":{"line":30,"column":2}},"5":{"start":{"line":32,"column":38},"end":{"line":35,"column":2}},"6":{"start":{"line":37,"column":37},"end":{"line":41,"column":2}},"7":{"start":{"line":43,"column":32},"end":{"line":47,"column":2}},"8":{"start":{"line":49,"column":31},"end":{"line":53,"column":2}},"9":{"start":{"line":55,"column":38},"end":{"line":59,"column":2}},"10":{"start":{"line":61,"column":40},"end":{"line":63,"column":2}},"11":{"start":{"line":65,"column":32},"end":{"line":69,"column":2}},"12":{"start":{"line":71,"column":30},"end":{"line":75,"column":2}},"13":{"start":{"line":77,"column":30},"end":{"line":81,"column":2}},"14":{"start":{"line":83,"column":37},"end":{"line":87,"column":2}},"15":{"start":{"line":89,"column":35},"end":{"line":93,"column":2}},"16":{"start":{"line":95,"column":35},"end":{"line":99,"column":2}},"17":{"start":{"line":101,"column":34},"end":{"line":105,"column":2}},"18":{"start":{"line":107,"column":30},"end":{"line":110,"column":2}},"19":{"start":{"line":112,"column":32},"end":{"line":123,"column":2}},"20":{"start":{"line":125,"column":29},"end":{"line":129,"column":2}},"21":{"start":{"line":131,"column":29},"end":{"line":135,"column":2}},"22":{"start":{"line":137,"column":27},"end":{"line":140,"column":2}},"23":{"start":{"line":142,"column":33},"end":{"line":145,"column":2}},"24":{"start":{"line":147,"column":31},"end":{"line":150,"column":2}},"25":{"start":{"line":152,"column":35},"end":{"line":155,"column":2}},"26":{"start":{"line":157,"column":34},"end":{"line":159,"column":2}},"27":{"start":{"line":161,"column":44},"end":{"line":163,"column":2}},"28":{"start":{"line":165,"column":35},"end":{"line":174,"column":2}},"29":{"start":{"line":176,"column":32},"end":{"line":180,"column":2}},"30":{"start":{"line":182,"column":32},"end":{"line":186,"column":2}},"31":{"start":{"line":188,"column":35},"end":{"line":191,"column":2}},"32":{"start":{"line":193,"column":35},"end":{"line":196,"column":2}},"33":{"start":{"line":198,"column":35},"end":{"line":201,"column":2}},"34":{"start":{"line":203,"column":28},"end":{"line":206,"column":2}},"35":{"start":{"line":208,"column":28},"end":{"line":211,"column":2}},"36":{"start":{"line":213,"column":33},"end":{"line":213,"column":59}},"37":{"start":{"line":214,"column":36},"end":{"line":214,"column":62}},"38":{"start":{"line":216,"column":39},"end":{"line":219,"column":2}},"39":{"start":{"line":221,"column":40},"end":{"line":223,"column":2}},"40":{"start":{"line":225,"column":41},"end":{"line":227,"column":2}},"41":{"start":{"line":229,"column":47},"end":{"line":229,"column":49}}},"fnMap":{},"branchMap":{},"s":{"0":14,"1":14,"2":14,"3":14,"4":14,"5":14,"6":14,"7":14,"8":14,"9":14,"10":14,"11":14,"12":14,"13":14,"14":14,"15":14,"16":14,"17":14,"18":14,"19":14,"20":14,"21":14,"22":14,"23":14,"24":14,"25":14,"26":14,"27":14,"28":14,"29":14,"30":14,"31":14,"32":14,"33":14,"34":14,"35":14,"36":14,"37":14,"38":14,"39":14,"40":14,"41":14},"f":{},"b":{}}
,"C:\\Users\\galko\\Downloads\\Assignment2Web\\src\\router\\comments\\comment.handler.ts": {"path":"C:\\Users\\galko\\Downloads\\Assignment2Web\\src\\router\\comments\\comment.handler.ts","statementMap":{"0":{"start":{"line":8,"column":29},"end":{"line":49,"column":1}},"1":{"start":{"line":9,"column":4},"end":{"line":48,"column":5}},"2":{"start":{"line":10,"column":44},"end":{"line":10,"column":52}},"3":{"start":{"line":12,"column":8},"end":{"line":15,"column":9}},"4":{"start":{"line":13,"column":12},"end":{"line":13,"column":108}},"5":{"start":{"line":14,"column":12},"end":{"line":14,"column":19}},"6":{"start":{"line":16,"column":8},"end":{"line":19,"column":9}},"7":{"start":{"line":17,"column":12},"end":{"line":17,"column":82}},"8":{"start":{"line":18,"column":12},"end":{"line":18,"column":19}},"9":{"start":{"line":20,"column":8},"end":{"line":23,"column":9}},"10":{"start":{"line":21,"column":12},"end":{"line":21,"column":82}},"11":{"start":{"line":22,"column":12},"end":{"line":22,"column":19}},"12":{"start":{"line":25,"column":21},"end":{"line":25,"column":48}},"13":{"start":{"line":26,"column":8},"end":{"line":29,"column":9}},"14":{"start":{"line":27,"column":12},"end":{"line":27,"column":80}},"15":{"start":{"line":28,"column":12},"end":{"line":28,"column":19}},"16":{"start":{"line":31,"column":21},"end":{"line":31,"column":48}},"17":{"start":{"line":32,"column":8},"end":{"line":35,"column":9}},"18":{"start":{"line":33,"column":12},"end":{"line":33,"column":80}},"19":{"start":{"line":34,"column":12},"end":{"line":34,"column":19}},"20":{"start":{"line":37,"column":37},"end":{"line":41,"column":10}},"21":{"start":{"line":43,"column":24},"end":{"line":43,"column":56}},"22":{"start":{"line":45,"column":8},"end":{"line":45,"column":105}},"23":{"start":{"line":47,"column":8},"end":{"line":47,"column":98}},"24":{"start":{"line":51,"column":30},"end":{"line":61,"column":1}},"25":{"start":{"line":52,"column":4},"end":{"line":60,"column":5}},"26":{"start":{"line":53,"column":23},"end":{"line":53,"column":33}},"27":{"start":{"line":55,"column":24},"end":{"line":55,"column":50}},"28":{"start":{"line":57,"column":8},"end":{"line":57,"column":142}},"29":{"start":{"line":59,"column":8},"end":{"line":59,"column":97}},"30":{"start":{"line":63,"column":35},"end":{"line":79,"column":1}},"31":{"start":{"line":64,"column":4},"end":{"line":78,"column":5}},"32":{"start":{"line":65,"column":27},"end":{"line":65,"column":37}},"33":{"start":{"line":67,"column":21},"end":{"line":67,"column":48}},"34":{"start":{"line":68,"column":8},"end":{"line":71,"column":9}},"35":{"start":{"line":69,"column":12},"end":{"line":69,"column":80}},"36":{"start":{"line":70,"column":12},"end":{"line":70,"column":19}},"37":{"start":{"line":73,"column":25},"end":{"line":73,"column":79}},"38":{"start":{"line":75,"column":8},"end":{"line":75,"column":169}},"39":{"start":{"line":77,"column":8},"end":{"line":77,"column":98}},"40":{"start":{"line":81,"column":29},"end":{"line":103,"column":1}},"41":{"start":{"line":82,"column":4},"end":{"line":102,"column":5}},"42":{"start":{"line":83,"column":23},"end":{"line":83,"column":33}},"43":{"start":{"line":84,"column":28},"end":{"line":84,"column":36}},"44":{"start":{"line":86,"column":8},"end":{"line":89,"column":9}},"45":{"start":{"line":87,"column":12},"end":{"line":87,"column":87}},"46":{"start":{"line":88,"column":12},"end":{"line":88,"column":19}},"47":{"start":{"line":91,"column":24},"end":{"line":94,"column":null}},"48":{"start":{"line":97,"column":8},"end":{"line":99,"column":85}},"49":{"start":{"line":101,"column":8},"end":{"line":101,"column":98}},"50":{"start":{"line":105,"column":29},"end":{"line":114,"column":1}},"51":{"start":{"line":106,"column":4},"end":{"line":113,"column":5}},"52":{"start":{"line":107,"column":23},"end":{"line":107,"column":33}},"53":{"start":{"line":108,"column":24},"end":{"line":108,"column":59}},"54":{"start":{"line":110,"column":8},"end":{"line":110,"column":168}},"55":{"start":{"line":112,"column":8},"end":{"line":112,"column":98}}},"fnMap":{"0":{"name":"(anonymous_0)","decl":{"start":{"line":8,"column":29},"end":{"line":8,"column":34}},"loc":{"start":{"line":8,"column":82},"end":{"line":49,"column":1}}},"1":{"name":"(anonymous_1)","decl":{"start":{"line":51,"column":30},"end":{"line":51,"column":35}},"loc":{"start":{"line":51,"column":83},"end":{"line":61,"column":1}}},"2":{"name":"(anonymous_2)","decl":{"start":{"line":63,"column":35},"end":{"line":63,"column":40}},"loc":{"start":{"line":63,"column":88},"end":{"line":79,"column":1}}},"3":{"name":"(anonymous_3)","decl":{"start":{"line":81,"column":29},"end":{"line":81,"column":34}},"loc":{"start":{"line":81,"column":82},"end":{"line":103,"column":1}}},"4":{"name":"(anonymous_4)","decl":{"start":{"line":105,"column":29},"end":{"line":105,"column":34}},"loc":{"start":{"line":105,"column":82},"end":{"line":114,"column":1}}}},"branchMap":{"0":{"loc":{"start":{"line":12,"column":8},"end":{"line":15,"column":9}},"type":"if","locations":[{"start":{"line":12,"column":8},"end":{"line":15,"column":9}}]},"1":{"loc":{"start":{"line":12,"column":12},"end":{"line":12,"column":42}},"type":"binary-expr","locations":[{"start":{"line":12,"column":12},"end":{"line":12,"column":19}},{"start":{"line":12,"column":23},"end":{"line":12,"column":30}},{"start":{"line":12,"column":34},"end":{"line":12,"column":42}}]},"2":{"loc":{"start":{"line":16,"column":8},"end":{"line":19,"column":9}},"type":"if","locations":[{"start":{"line":16,"column":8},"end":{"line":19,"column":9}}]},"3":{"loc":{"start":{"line":20,"column":8},"end":{"line":23,"column":9}},"type":"if","locations":[{"start":{"line":20,"column":8},"end":{"line":23,"column":9}}]},"4":{"loc":{"start":{"line":26,"column":8},"end":{"line":29,"column":9}},"type":"if","locations":[{"start":{"line":26,"column":8},"end":{"line":29,"column":9}}]},"5":{"loc":{"start":{"line":32,"column":8},"end":{"line":35,"column":9}},"type":"if","locations":[{"start":{"line":32,"column":8},"end":{"line":35,"column":9}}]},"6":{"loc":{"start":{"line":57,"column":8},"end":{"line":57,"column":141}},"type":"cond-expr","locations":[{"start":{"line":57,"column":18},"end":{"line":57,"column":68}},{"start":{"line":57,"column":71},"end":{"line":57,"column":141}}]},"7":{"loc":{"start":{"line":68,"column":8},"end":{"line":71,"column":9}},"type":"if","locations":[{"start":{"line":68,"column":8},"end":{"line":71,"column":9}}]},"8":{"loc":{"start":{"line":75,"column":8},"end":{"line":75,"column":168}},"type":"cond-expr","locations":[{"start":{"line":75,"column":19},"end":{"line":75,"column":94}},{"start":{"line":75,"column":97},"end":{"line":75,"column":168}}]},"9":{"loc":{"start":{"line":86,"column":8},"end":{"line":89,"column":9}},"type":"if","locations":[{"start":{"line":86,"column":8},"end":{"line":89,"column":9}}]},"10":{"loc":{"start":{"line":97,"column":8},"end":{"line":99,"column":84}},"type":"cond-expr","locations":[{"start":{"line":98,"column":14},"end":{"line":98,"column":105}},{"start":{"line":99,"column":14},"end":{"line":99,"column":84}}]},"11":{"loc":{"start":{"line":110,"column":8},"end":{"line":110,"column":167}},"type":"cond-expr","locations":[{"start":{"line":110,"column":18},"end":{"line":110,"column":94}},{"start":{"line":110,"column":97},"end":{"line":110,"column":167}}]}},"s":{"0":5,"1":5,"2":5,"3":5,"4":3,"5":3,"6":2,"7":0,"8":0,"9":2,"10":0,"11":0,"12":2,"13":2,"14":1,"15":1,"16":1,"17":1,"18":0,"19":0,"20":1,"21":1,"22":1,"23":0,"24":5,"25":3,"26":3,"27":3,"28":2,"29":1,"30":5,"31":5,"32":5,"33":5,"34":5,"35":1,"36":1,"37":4,"38":4,"39":0,"40":5,"41":4,"42":4,"43":4,"44":4,"45":1,"46":1,"47":3,"48":3,"49":0,"50":5,"51":3,"52":3,"53":3,"54":3,"55":0},"f":{"0":5,"1":3,"2":5,"3":4,"4":3},"b":{"0":[3],"1":[5,3,3],"2":[0],"3":[0],"4":[1],"5":[0],"6":[1,1],"7":[1],"8":[4,0],"9":[1],"10":[2,1],"11":[2,1]}}
,"C:\\Users\\galko\\Downloads\\Assignment2Web\\src\\router\\comments\\comment.model.ts": {"path":"C:\\Users\\galko\\Downloads\\Assignment2Web\\src\\router\\comments\\comment.model.ts","statementMap":{"0":{"start":{"line":4,"column":40},"end":{"line":4,"column":81}}},"fnMap":{},"branchMap":{},"s":{"0":5},"f":{},"b":{}}
,"C:\\Users\\galko\\Downloads\\Assignment2Web\\src\\router\\comments\\comment.router.ts": {"path":"C:\\Users\\galko\\Downloads\\Assignment2Web\\src\\router\\comments\\comment.router.ts","statementMap":{"0":{"start":{"line":10,"column":15},"end":{"line":10,"column":23}},"1":{"start":{"line":12,"column":0},"end":{"line":12,"column":32}},"2":{"start":{"line":13,"column":0},"end":{"line":13,"column":49}},"3":{"start":{"line":14,"column":0},"end":{"line":14,"column":35}},"4":{"start":{"line":15,"column":0},"end":{"line":15,"column":34}},"5":{"start":{"line":16,"column":0},"end":{"line":16,"column":37}}},"fnMap":{},"branchMap":{},"s":{"0":5,"1":5,"2":5,"3":5,"4":5,"5":5},"f":{},"b":{}}
,"C:\\Users\\galko\\Downloads\\Assignment2Web\\src\\router\\comments\\comment.schema.ts": {"path":"C:\\Users\\galko\\Downloads\\Assignment2Web\\src\\router\\comments\\comment.schema.ts","statementMap":{"0":{"start":{"line":11,"column":29},"end":{"line":31,"column":null}}},"fnMap":{},"branchMap":{},"s":{"0":5},"f":{},"b":{}}
,"C:\\Users\\galko\\Downloads\\Assignment2Web\\src\\router\\posts\\post.handler.ts": {"path":"C:\\Users\\galko\\Downloads\\Assignment2Web\\src\\router\\posts\\post.handler.ts","statementMap":{"0":{"start":{"line":8,"column":23},"end":{"line":34,"column":1}},"1":{"start":{"line":9,"column":4},"end":{"line":33,"column":5}},"2":{"start":{"line":10,"column":56},"end":{"line":10,"column":64}},"3":{"start":{"line":12,"column":8},"end":{"line":15,"column":9}},"4":{"start":{"line":13,"column":12},"end":{"line":13,"column":107}},"5":{"start":{"line":14,"column":12},"end":{"line":14,"column":19}},"6":{"start":{"line":16,"column":8},"end":{"line":19,"column":9}},"7":{"start":{"line":17,"column":12},"end":{"line":17,"column":82}},"8":{"start":{"line":18,"column":12},"end":{"line":18,"column":19}},"9":{"start":{"line":21,"column":21},"end":{"line":21,"column":48}},"10":{"start":{"line":22,"column":8},"end":{"line":25,"column":9}},"11":{"start":{"line":23,"column":12},"end":{"line":23,"column":80}},"12":{"start":{"line":24,"column":12},"end":{"line":24,"column":19}},"13":{"start":{"line":27,"column":31},"end":{"line":27,"column":70}},"14":{"start":{"line":28,"column":21},"end":{"line":28,"column":47}},"15":{"start":{"line":30,"column":8},"end":{"line":30,"column":99}},"16":{"start":{"line":32,"column":8},"end":{"line":32,"column":95}},"17":{"start":{"line":36,"column":27},"end":{"line":50,"column":1}},"18":{"start":{"line":37,"column":4},"end":{"line":49,"column":5}},"19":{"start":{"line":38,"column":27},"end":{"line":38,"column":36}},"20":{"start":{"line":39,"column":8},"end":{"line":42,"column":9}},"21":{"start":{"line":40,"column":12},"end":{"line":40,"column":82}},"22":{"start":{"line":41,"column":12},"end":{"line":41,"column":19}},"23":{"start":{"line":43,"column":23},"end":{"line":43,"column":47}},"24":{"start":{"line":44,"column":22},"end":{"line":44,"column":71}},"25":{"start":{"line":46,"column":8},"end":{"line":46,"column":57}},"26":{"start":{"line":48,"column":8},"end":{"line":48,"column":95}},"27":{"start":{"line":52,"column":27},"end":{"line":66,"column":1}},"28":{"start":{"line":53,"column":4},"end":{"line":65,"column":5}},"29":{"start":{"line":54,"column":27},"end":{"line":54,"column":37}},"30":{"start":{"line":55,"column":21},"end":{"line":55,"column":48}},"31":{"start":{"line":57,"column":8},"end":{"line":60,"column":9}},"32":{"start":{"line":58,"column":12},"end":{"line":58,"column":80}},"33":{"start":{"line":59,"column":12},"end":{"line":59,"column":19}},"34":{"start":{"line":62,"column":8},"end":{"line":62,"column":50}},"35":{"start":{"line":64,"column":8},"end":{"line":64,"column":94}},"36":{"start":{"line":68,"column":26},"end":{"line":103,"column":1}},"37":{"start":{"line":69,"column":4},"end":{"line":102,"column":5}},"38":{"start":{"line":70,"column":27},"end":{"line":70,"column":37}},"39":{"start":{"line":71,"column":56},"end":{"line":71,"column":64}},"40":{"start":{"line":73,"column":8},"end":{"line":76,"column":9}},"41":{"start":{"line":74,"column":12},"end":{"line":74,"column":120}},"42":{"start":{"line":75,"column":12},"end":{"line":75,"column":19}},"43":{"start":{"line":77,"column":8},"end":{"line":80,"column":9}},"44":{"start":{"line":78,"column":12},"end":{"line":78,"column":82}},"45":{"start":{"line":79,"column":12},"end":{"line":79,"column":19}},"46":{"start":{"line":82,"column":21},"end":{"line":82,"column":48}},"47":{"start":{"line":83,"column":8},"end":{"line":86,"column":9}},"48":{"start":{"line":84,"column":12},"end":{"line":84,"column":80}},"49":{"start":{"line":85,"column":12},"end":{"line":85,"column":19}},"50":{"start":{"line":88,"column":28},"end":{"line":91,"column":null}},"51":{"start":{"line":94,"column":8},"end":{"line":97,"column":9}},"52":{"start":{"line":95,"column":12},"end":{"line":95,"column":80}},"53":{"start":{"line":96,"column":12},"end":{"line":96,"column":19}},"54":{"start":{"line":99,"column":8},"end":{"line":99,"column":95}},"55":{"start":{"line":101,"column":8},"end":{"line":101,"column":95}}},"fnMap":{"0":{"name":"(anonymous_0)","decl":{"start":{"line":8,"column":23},"end":{"line":8,"column":28}},"loc":{"start":{"line":8,"column":76},"end":{"line":34,"column":1}}},"1":{"name":"(anonymous_1)","decl":{"start":{"line":36,"column":27},"end":{"line":36,"column":32}},"loc":{"start":{"line":36,"column":80},"end":{"line":50,"column":1}}},"2":{"name":"(anonymous_2)","decl":{"start":{"line":52,"column":27},"end":{"line":52,"column":32}},"loc":{"start":{"line":52,"column":80},"end":{"line":66,"column":1}}},"3":{"name":"(anonymous_3)","decl":{"start":{"line":68,"column":26},"end":{"line":68,"column":31}},"loc":{"start":{"line":68,"column":79},"end":{"line":103,"column":1}}}},"branchMap":{"0":{"loc":{"start":{"line":12,"column":8},"end":{"line":15,"column":9}},"type":"if","locations":[{"start":{"line":12,"column":8},"end":{"line":15,"column":9}}]},"1":{"loc":{"start":{"line":12,"column":12},"end":{"line":12,"column":41}},"type":"binary-expr","locations":[{"start":{"line":12,"column":12},"end":{"line":12,"column":18}},{"start":{"line":12,"column":22},"end":{"line":12,"column":30}},{"start":{"line":12,"column":34},"end":{"line":12,"column":41}}]},"2":{"loc":{"start":{"line":16,"column":8},"end":{"line":19,"column":9}},"type":"if","locations":[{"start":{"line":16,"column":8},"end":{"line":19,"column":9}}]},"3":{"loc":{"start":{"line":22,"column":8},"end":{"line":25,"column":9}},"type":"if","locations":[{"start":{"line":22,"column":8},"end":{"line":25,"column":9}}]},"4":{"loc":{"start":{"line":39,"column":8},"end":{"line":42,"column":9}},"type":"if","locations":[{"start":{"line":39,"column":8},"end":{"line":42,"column":9}}]},"5":{"loc":{"start":{"line":39,"column":12},"end":{"line":39,"column":70}},"type":"binary-expr","locations":[{"start":{"line":39,"column":12},"end":{"line":39,"column":18}},{"start":{"line":39,"column":22},"end":{"line":39,"column":70}}]},"6":{"loc":{"start":{"line":43,"column":23},"end":{"line":43,"column":47}},"type":"cond-expr","locations":[{"start":{"line":43,"column":32},"end":{"line":43,"column":42}},{"start":{"line":43,"column":45},"end":{"line":43,"column":47}}]},"7":{"loc":{"start":{"line":57,"column":8},"end":{"line":60,"column":9}},"type":"if","locations":[{"start":{"line":57,"column":8},"end":{"line":60,"column":9}}]},"8":{"loc":{"start":{"line":73,"column":8},"end":{"line":76,"column":9}},"type":"if","locations":[{"start":{"line":73,"column":8},"end":{"line":76,"column":9}}]},"9":{"loc":{"start":{"line":73,"column":12},"end":{"line":73,"column":57}},"type":"binary-expr","locations":[{"start":{"line":73,"column":12},"end":{"line":73,"column":18}},{"start":{"line":73,"column":22},"end":{"line":73,"column":30}},{"start":{"line":73,"column":34},"end":{"line":73,"column":41}},{"start":{"line":73,"column":45},"end":{"line":73,"column":57}}]},"10":{"loc":{"start":{"line":77,"column":8},"end":{"line":80,"column":9}},"type":"if","locations":[{"start":{"line":77,"column":8},"end":{"line":80,"column":9}}]},"11":{"loc":{"start":{"line":83,"column":8},"end":{"line":86,"column":9}},"type":"if","locations":[{"start":{"line":83,"column":8},"end":{"line":86,"column":9}}]},"12":{"loc":{"start":{"line":94,"column":8},"end":{"line":97,"column":9}},"type":"if","locations":[{"start":{"line":94,"column":8},"end":{"line":97,"column":9}}]}},"s":{"0":5,"1":5,"2":5,"3":5,"4":3,"5":3,"6":2,"7":0,"8":0,"9":2,"10":2,"11":0,"12":0,"13":2,"14":2,"15":2,"16":0,"17":5,"18":9,"19":9,"20":9,"21":1,"22":1,"23":8,"24":8,"25":8,"26":0,"27":5,"28":4,"29":4,"30":4,"31":3,"32":1,"33":1,"34":2,"35":1,"36":5,"37":6,"38":6,"39":6,"40":6,"41":1,"42":1,"43":5,"44":0,"45":0,"46":5,"47":5,"48":0,"49":0,"50":5,"51":4,"52":1,"53":1,"54":3,"55":1},"f":{"0":5,"1":9,"2":4,"3":6},"b":{"0":[3],"1":[5,4,3],"2":[0],"3":[0],"4":[1],"5":[9,4],"6":[3,5],"7":[1],"8":[1],"9":[6,6,5,5],"10":[0],"11":[0],"12":[1]}}
,"C:\\Users\\galko\\Downloads\\Assignment2Web\\src\\router\\posts\\post.model.ts": {"path":"C:\\Users\\galko\\Downloads\\Assignment2Web\\src\\router\\posts\\post.model.ts","statementMap":{"0":{"start":{"line":4,"column":34},"end":{"line":4,"column":66}}},"fnMap":{},"branchMap":{},"s":{"0":10},"f":{},"b":{}}
,"C:\\Users\\galko\\Downloads\\Assignment2Web\\src\\router\\posts\\post.router.ts": {"path":"C:\\Users\\galko\\Downloads\\Assignment2Web\\src\\router\\posts\\post.router.ts","statementMap":{"0":{"start":{"line":4,"column":15},"end":{"line":4,"column":23}},"1":{"start":{"line":6,"column":0},"end":{"line":6,"column":26}},"2":{"start":{"line":7,"column":0},"end":{"line":7,"column":29}},"3":{"start":{"line":8,"column":0},"end":{"line":8,"column":36}},"4":{"start":{"line":9,"column":0},"end":{"line":9,"column":35}}},"fnMap":{},"branchMap":{},"s":{"0":5,"1":5,"2":5,"3":5,"4":5},"f":{},"b":{}}
,"C:\\Users\\galko\\Downloads\\Assignment2Web\\src\\router\\posts\\post.schema.ts": {"path":"C:\\Users\\galko\\Downloads\\Assignment2Web\\src\\router\\posts\\post.schema.ts","statementMap":{"0":{"start":{"line":10,"column":26},"end":{"line":32,"column":null}}},"fnMap":{},"branchMap":{},"s":{"0":10},"f":{},"b":{}}
,"C:\\Users\\galko\\Downloads\\Assignment2Web\\src\\router\\users\\user.handler.ts": {"path":"C:\\Users\\galko\\Downloads\\Assignment2Web\\src\\router\\users\\user.handler.ts","statementMap":{"0":{"start":{"line":5,"column":26},"end":{"line":25,"column":1}},"1":{"start":{"line":6,"column":2},"end":{"line":24,"column":3}},"2":{"start":{"line":7,"column":50},"end":{"line":7,"column":64}},"3":{"start":{"line":9,"column":4},"end":{"line":12,"column":5}},"4":{"start":{"line":10,"column":6},"end":{"line":10,"column":93}},"5":{"start":{"line":11,"column":6},"end":{"line":11,"column":13}},"6":{"start":{"line":14,"column":17},"end":{"line":19,"column":6}},"7":{"start":{"line":21,"column":4},"end":{"line":21,"column":95}},"8":{"start":{"line":23,"column":4},"end":{"line":23,"column":81}},"9":{"start":{"line":27,"column":27},"end":{"line":34,"column":1}},"10":{"start":{"line":28,"column":2},"end":{"line":33,"column":3}},"11":{"start":{"line":29,"column":18},"end":{"line":29,"column":59}},"12":{"start":{"line":30,"column":4},"end":{"line":30,"column":53}},"13":{"start":{"line":32,"column":4},"end":{"line":32,"column":91}},"14":{"start":{"line":36,"column":27},"end":{"line":46,"column":1}},"15":{"start":{"line":37,"column":2},"end":{"line":45,"column":3}},"16":{"start":{"line":38,"column":23},"end":{"line":38,"column":33}},"17":{"start":{"line":39,"column":17},"end":{"line":39,"column":44}},"18":{"start":{"line":40,"column":4},"end":{"line":42,"column":76}},"19":{"start":{"line":44,"column":4},"end":{"line":44,"column":74}},"20":{"start":{"line":48,"column":26},"end":{"line":75,"column":1}},"21":{"start":{"line":49,"column":2},"end":{"line":74,"column":3}},"22":{"start":{"line":50,"column":23},"end":{"line":50,"column":33}},"23":{"start":{"line":51,"column":50},"end":{"line":51,"column":64}},"24":{"start":{"line":53,"column":4},"end":{"line":56,"column":5}},"25":{"start":{"line":54,"column":6},"end":{"line":54,"column":93}},"26":{"start":{"line":55,"column":6},"end":{"line":55,"column":13}},"27":{"start":{"line":58,"column":17},"end":{"line":66,"column":null}},"28":{"start":{"line":69,"column":4},"end":{"line":71,"column":76}},"29":{"start":{"line":73,"column":4},"end":{"line":73,"column":81}},"30":{"start":{"line":77,"column":26},"end":{"line":88,"column":1}},"31":{"start":{"line":78,"column":2},"end":{"line":87,"column":3}},"32":{"start":{"line":79,"column":23},"end":{"line":79,"column":33}},"33":{"start":{"line":80,"column":17},"end":{"line":80,"column":53}},"34":{"start":{"line":82,"column":4},"end":{"line":84,"column":76}},"35":{"start":{"line":86,"column":4},"end":{"line":86,"column":74}}},"fnMap":{"0":{"name":"(anonymous_0)","decl":{"start":{"line":5,"column":26},"end":{"line":5,"column":31}},"loc":{"start":{"line":5,"column":79},"end":{"line":25,"column":1}}},"1":{"name":"(anonymous_1)","decl":{"start":{"line":27,"column":27},"end":{"line":27,"column":32}},"loc":{"start":{"line":27,"column":81},"end":{"line":34,"column":1}}},"2":{"name":"(anonymous_2)","decl":{"start":{"line":36,"column":27},"end":{"line":36,"column":32}},"loc":{"start":{"line":36,"column":80},"end":{"line":46,"column":1}}},"3":{"name":"(anonymous_3)","decl":{"start":{"line":48,"column":26},"end":{"line":48,"column":31}},"loc":{"start":{"line":48,"column":79},"end":{"line":75,"column":1}}},"4":{"name":"(anonymous_4)","decl":{"start":{"line":77,"column":26},"end":{"line":77,"column":31}},"loc":{"start":{"line":77,"column":79},"end":{"line":88,"column":1}}}},"branchMap":{"0":{"loc":{"start":{"line":7,"column":50},"end":{"line":7,"column":64}},"type":"binary-expr","locations":[{"start":{"line":7,"column":50},"end":{"line":7,"column":58}},{"start":{"line":7,"column":62},"end":{"line":7,"column":64}}]},"1":{"loc":{"start":{"line":9,"column":4},"end":{"line":12,"column":5}},"type":"if","locations":[{"start":{"line":9,"column":4},"end":{"line":12,"column":5}}]},"2":{"loc":{"start":{"line":9,"column":8},"end":{"line":9,"column":27}},"type":"binary-expr","locations":[{"start":{"line":9,"column":8},"end":{"line":9,"column":17}},{"start":{"line":9,"column":21},"end":{"line":9,"column":27}}]},"3":{"loc":{"start":{"line":17,"column":19},"end":{"line":17,"column":71}},"type":"cond-expr","locations":[{"start":{"line":17,"column":33},"end":{"line":17,"column":59}},{"start":{"line":17,"column":62},"end":{"line":17,"column":71}}]},"4":{"loc":{"start":{"line":18,"column":11},"end":{"line":18,"column":47}},"type":"cond-expr","locations":[{"start":{"line":18,"column":17},"end":{"line":18,"column":35}},{"start":{"line":18,"column":38},"end":{"line":18,"column":47}}]},"5":{"loc":{"start":{"line":40,"column":4},"end":{"line":42,"column":75}},"type":"cond-expr","locations":[{"start":{"line":41,"column":8},"end":{"line":41,"column":55}},{"start":{"line":42,"column":8},"end":{"line":42,"column":75}}]},"6":{"loc":{"start":{"line":51,"column":50},"end":{"line":51,"column":64}},"type":"binary-expr","locations":[{"start":{"line":51,"column":50},"end":{"line":51,"column":58}},{"start":{"line":51,"column":62},"end":{"line":51,"column":64}}]},"7":{"loc":{"start":{"line":53,"column":4},"end":{"line":56,"column":5}},"type":"if","locations":[{"start":{"line":53,"column":4},"end":{"line":56,"column":5}}]},"8":{"loc":{"start":{"line":53,"column":8},"end":{"line":53,"column":27}},"type":"binary-expr","locations":[{"start":{"line":53,"column":8},"end":{"line":53,"column":17}},{"start":{"line":53,"column":21},"end":{"line":53,"column":27}}]},"9":{"loc":{"start":{"line":63,"column":21},"end":{"line":63,"column":73}},"type":"cond-expr","locations":[{"start":{"line":63,"column":35},"end":{"line":63,"column":61}},{"start":{"line":63,"column":64},"end":{"line":63,"column":73}}]},"10":{"loc":{"start":{"line":64,"column":13},"end":{"line":64,"column":49}},"type":"cond-expr","locations":[{"start":{"line":64,"column":19},"end":{"line":64,"column":37}},{"start":{"line":64,"column":40},"end":{"line":64,"column":49}}]},"11":{"loc":{"start":{"line":69,"column":4},"end":{"line":71,"column":75}},"type":"cond-expr","locations":[{"start":{"line":70,"column":8},"end":{"line":70,"column":93}},{"start":{"line":71,"column":8},"end":{"line":71,"column":75}}]},"12":{"loc":{"start":{"line":82,"column":4},"end":{"line":84,"column":75}},"type":"cond-expr","locations":[{"start":{"line":83,"column":8},"end":{"line":83,"column":49}},{"start":{"line":84,"column":8},"end":{"line":84,"column":75}}]}},"s":{"0":5,"1":1,"2":1,"3":1,"4":0,"5":0,"6":1,"7":1,"8":0,"9":5,"10":1,"11":1,"12":1,"13":0,"14":5,"15":1,"16":1,"17":1,"18":1,"19":0,"20":5,"21":1,"22":1,"23":1,"24":1,"25":0,"26":0,"27":1,"28":1,"29":0,"30":5,"31":1,"32":1,"33":1,"34":1,"35":0},"f":{"0":1,"1":1,"2":1,"3":1,"4":1},"b":{"0":[1,0],"1":[0],"2":[1,1],"3":[1,0],"4":[1,0],"5":[0,1],"6":[1,0],"7":[0],"8":[1,1],"9":[1,0],"10":[1,0],"11":[1,0],"12":[1,0]}}
,"C:\\Users\\galko\\Downloads\\Assignment2Web\\src\\router\\users\\user.model.ts": {"path":"C:\\Users\\galko\\Downloads\\Assignment2Web\\src\\router\\users\\user.model.ts","statementMap":{"0":{"start":{"line":4,"column":34},"end":{"line":4,"column":66}}},"fnMap":{},"branchMap":{},"s":{"0":15},"f":{},"b":{}}
,"C:\\Users\\galko\\Downloads\\Assignment2Web\\src\\router\\users\\user.router.ts": {"path":"C:\\Users\\galko\\Downloads\\Assignment2Web\\src\\router\\users\\user.router.ts","statementMap":{"0":{"start":{"line":4,"column":15},"end":{"line":4,"column":23}},"1":{"start":{"line":6,"column":0},"end":{"line":6,"column":29}},"2":{"start":{"line":7,"column":0},"end":{"line":7,"column":29}},"3":{"start":{"line":8,"column":0},"end":{"line":8,"column":36}},"4":{"start":{"line":9,"column":0},"end":{"line":9,"column":35}},"5":{"start":{"line":10,"column":0},"end":{"line":10,"column":38}}},"fnMap":{},"branchMap":{},"s":{"0":5,"1":5,"2":5,"3":5,"4":5,"5":5},"f":{},"b":{}}
,"C:\\Users\\galko\\Downloads\\Assignment2Web\\src\\router\\users\\user.schema.ts": {"path":"C:\\Users\\galko\\Downloads\\Assignment2Web\\src\\router\\users\\user.schema.ts","statementMap":{"0":{"start":{"line":12,"column":26},"end":{"line":19,"column":null}}},"fnMap":{},"branchMap":{},"s":{"0":15},"f":{},"b":{}}
,"C:\\Users\\galko\\Downloads\\Assignment2Web\\src\\tests\\testDb.ts": {"path":"C:\\Users\\galko\\Downloads\\Assignment2Web\\src\\tests\\testDb.ts","statementMap":{"0":{"start":{"line":4,"column":38},"end":{"line":4,"column":42}},"1":{"start":{"line":7,"column":2},"end":{"line":7,"column":43}},"2":{"start":{"line":8,"column":14},"end":{"line":8,"column":28}},"3":{"start":{"line":9,"column":2},"end":{"line":9,"column":30}},"4":{"start":{"line":13,"column":2},"end":{"line":13,"column":36}},"5":{"start":{"line":14,"column":2},"end":{"line":17,"column":3}},"6":{"start":{"line":15,"column":4},"end":{"line":15,"column":23}},"7":{"start":{"line":16,"column":4},"end":{"line":16,"column":17}},"8":{"start":{"line":21,"column":22},"end":{"line":21,"column":53}},"9":{"start":{"line":22,"column":2},"end":{"line":22,"column":77}},"10":{"start":{"line":22,"column":58},"end":{"line":22,"column":74}}},"fnMap":{"0":{"name":"connectTestDb","decl":{"start":{"line":6,"column":22},"end":{"line":6,"column":35}},"loc":{"start":{"line":6,"column":35},"end":{"line":10,"column":1}}},"1":{"name":"disconnectTestDb","decl":{"start":{"line":12,"column":22},"end":{"line":12,"column":38}},"loc":{"start":{"line":12,"column":38},"end":{"line":18,"column":1}}},"2":{"name":"clearTestDb","decl":{"start":{"line":20,"column":22},"end":{"line":20,"column":33}},"loc":{"start":{"line":20,"column":33},"end":{"line":23,"column":1}}},"3":{"name":"(anonymous_3)","decl":{"start":{"line":22,"column":51},"end":{"line":22,"column":52}},"loc":{"start":{"line":22,"column":58},"end":{"line":22,"column":74}}}},"branchMap":{"0":{"loc":{"start":{"line":14,"column":2},"end":{"line":17,"column":3}},"type":"if","locations":[{"start":{"line":14,"column":2},"end":{"line":17,"column":3}}]}},"s":{"0":15,"1":15,"2":15,"3":15,"4":15,"5":15,"6":15,"7":15,"8":49,"9":49,"10":113},"f":{"0":15,"1":15,"2":49,"3":113},"b":{"0":[15]}}
}
