TN:
SF:src\server.ts
FN:19,(anonymous_0)
FN:23,(anonymous_1)
FN:26,(anonymous_2)
FNF:3
FNH:0
FNDA:0,(anonymous_0)
FNDA:0,(anonymous_1)
FNDA:0,(anonymous_2)
DA:9,0
DA:10,0
DA:12,0
DA:13,0
DA:15,0
DA:16,0
DA:17,0
DA:19,0
DA:20,0
DA:23,0
DA:24,0
DA:25,0
DA:26,0
DA:27,0
DA:28,0
DA:31,0
DA:32,0
DA:36,0
LF:18
LH:0
BRDA:10,0,0,0
BRDA:10,0,1,0
BRF:2
BRH:0
end_of_record
TN:
SF:src\config\database.ts
FN:5,(anonymous_0)
FNF:1
FNH:0
FNDA:0,(anonymous_0)
DA:3,0
DA:5,0
DA:6,0
DA:7,0
DA:8,0
DA:10,0
DA:11,0
LF:7
LH:0
BRDA:3,0,0,0
BRDA:3,0,1,0
BRF:2
BRH:0
end_of_record
TN:
SF:src\router\mocks.ts
FNF:0
FNH:0
DA:3,14
DA:10,14
DA:16,14
DA:22,14
DA:27,14
DA:32,14
DA:37,14
DA:43,14
DA:49,14
DA:55,14
DA:61,14
DA:65,14
DA:71,14
DA:77,14
DA:83,14
DA:89,14
DA:95,14
DA:101,14
DA:107,14
DA:112,14
DA:125,14
DA:131,14
DA:137,14
DA:142,14
DA:147,14
DA:152,14
DA:157,14
DA:161,14
DA:165,14
DA:176,14
DA:182,14
DA:188,14
DA:193,14
DA:198,14
DA:203,14
DA:208,14
DA:213,14
DA:214,14
DA:216,14
DA:221,14
DA:225,14
DA:229,14
LF:42
LH:42
BRF:0
BRH:0
end_of_record
TN:
SF:src\router\comments\comment.handler.ts
FN:8,(anonymous_0)
FN:51,(anonymous_1)
FN:63,(anonymous_2)
FN:81,(anonymous_3)
FN:105,(anonymous_4)
FNF:5
FNH:5
FNDA:5,(anonymous_0)
FNDA:3,(anonymous_1)
FNDA:5,(anonymous_2)
FNDA:4,(anonymous_3)
FNDA:3,(anonymous_4)
DA:8,5
DA:9,5
DA:10,5
DA:12,5
DA:13,3
DA:14,3
DA:16,2
DA:17,0
DA:18,0
DA:20,2
DA:21,0
DA:22,0
DA:25,2
DA:26,2
DA:27,1
DA:28,1
DA:31,1
DA:32,1
DA:33,0
DA:34,0
DA:37,1
DA:43,1
DA:45,1
DA:47,0
DA:51,5
DA:52,3
DA:53,3
DA:55,3
DA:57,2
DA:59,1
DA:63,5
DA:64,5
DA:65,5
DA:67,5
DA:68,5
DA:69,1
DA:70,1
DA:73,4
DA:75,4
DA:77,0
DA:81,5
DA:82,4
DA:83,4
DA:84,4
DA:86,4
DA:87,1
DA:88,1
DA:91,3
DA:97,3
DA:101,0
DA:105,5
DA:106,3
DA:107,3
DA:108,3
DA:110,3
DA:112,0
LF:56
LH:46
BRDA:12,0,0,3
BRDA:12,1,0,5
BRDA:12,1,1,3
BRDA:12,1,2,3
BRDA:16,2,0,0
BRDA:20,3,0,0
BRDA:26,4,0,1
BRDA:32,5,0,0
BRDA:57,6,0,1
BRDA:57,6,1,1
BRDA:68,7,0,1
BRDA:75,8,0,4
BRDA:75,8,1,0
BRDA:86,9,0,1
BRDA:97,10,0,2
BRDA:97,10,1,1
BRDA:110,11,0,2
BRDA:110,11,1,1
BRF:18
BRH:14
end_of_record
TN:
SF:src\router\comments\comment.model.ts
FNF:0
FNH:0
DA:4,5
LF:1
LH:1
BRF:0
BRH:0
end_of_record
TN:
SF:src\router\comments\comment.router.ts
FNF:0
FNH:0
DA:10,5
DA:12,5
DA:13,5
DA:14,5
DA:15,5
DA:16,5
LF:6
LH:6
BRF:0
BRH:0
end_of_record
TN:
SF:src\router\comments\comment.schema.ts
FNF:0
FNH:0
DA:11,5
LF:1
LH:1
BRF:0
BRH:0
end_of_record
TN:
SF:src\router\posts\post.handler.ts
FN:8,(anonymous_0)
FN:36,(anonymous_1)
FN:52,(anonymous_2)
FN:68,(anonymous_3)
FNF:4
FNH:4
FNDA:5,(anonymous_0)
FNDA:9,(anonymous_1)
FNDA:4,(anonymous_2)
FNDA:6,(anonymous_3)
DA:8,5
DA:9,5
DA:10,5
DA:12,5
DA:13,3
DA:14,3
DA:16,2
DA:17,0
DA:18,0
DA:21,2
DA:22,2
DA:23,0
DA:24,0
DA:27,2
DA:28,2
DA:30,2
DA:32,0
DA:36,5
DA:37,9
DA:38,9
DA:39,9
DA:40,1
DA:41,1
DA:43,8
DA:44,8
DA:46,8
DA:48,0
DA:52,5
DA:53,4
DA:54,4
DA:55,4
DA:57,3
DA:58,1
DA:59,1
DA:62,2
DA:64,1
DA:68,5
DA:69,6
DA:70,6
DA:71,6
DA:73,6
DA:74,1
DA:75,1
DA:77,5
DA:78,0
DA:79,0
DA:82,5
DA:83,5
DA:84,0
DA:85,0
DA:88,5
DA:94,4
DA:95,1
DA:96,1
DA:99,3
DA:101,1
LF:56
LH:46
BRDA:12,0,0,3
BRDA:12,1,0,5
BRDA:12,1,1,4
BRDA:12,1,2,3
BRDA:16,2,0,0
BRDA:22,3,0,0
BRDA:39,4,0,1
BRDA:39,5,0,9
BRDA:39,5,1,4
BRDA:43,6,0,3
BRDA:43,6,1,5
BRDA:57,7,0,1
BRDA:73,8,0,1
BRDA:73,9,0,6
BRDA:73,9,1,6
BRDA:73,9,2,5
BRDA:73,9,3,5
BRDA:77,10,0,0
BRDA:83,11,0,0
BRDA:94,12,0,1
BRF:20
BRH:16
end_of_record
TN:
SF:src\router\posts\post.model.ts
FNF:0
FNH:0
DA:4,10
LF:1
LH:1
BRF:0
BRH:0
end_of_record
TN:
SF:src\router\posts\post.router.ts
FNF:0
FNH:0
DA:4,5
DA:6,5
DA:7,5
DA:8,5
DA:9,5
LF:5
LH:5
BRF:0
BRH:0
end_of_record
TN:
SF:src\router\posts\post.schema.ts
FNF:0
FNH:0
DA:10,10
LF:1
LH:1
BRF:0
BRH:0
end_of_record
TN:
SF:src\router\users\user.handler.ts
FN:5,(anonymous_0)
FN:27,(anonymous_1)
FN:36,(anonymous_2)
FN:48,(anonymous_3)
FN:77,(anonymous_4)
FNF:5
FNH:5
FNDA:1,(anonymous_0)
FNDA:1,(anonymous_1)
FNDA:1,(anonymous_2)
FNDA:1,(anonymous_3)
FNDA:1,(anonymous_4)
DA:5,5
DA:6,1
DA:7,1
DA:9,1
DA:10,0
DA:11,0
DA:14,1
DA:21,1
DA:23,0
DA:27,5
DA:28,1
DA:29,1
DA:30,1
DA:32,0
DA:36,5
DA:37,1
DA:38,1
DA:39,1
DA:40,1
DA:44,0
DA:48,5
DA:49,1
DA:50,1
DA:51,1
DA:53,1
DA:54,0
DA:55,0
DA:58,1
DA:69,1
DA:73,0
DA:77,5
DA:78,1
DA:79,1
DA:80,1
DA:82,1
DA:86,0
LF:36
LH:27
BRDA:7,0,0,1
BRDA:7,0,1,0
BRDA:9,1,0,0
BRDA:9,2,0,1
BRDA:9,2,1,1
BRDA:17,3,0,1
BRDA:17,3,1,0
BRDA:18,4,0,1
BRDA:18,4,1,0
BRDA:40,5,0,0
BRDA:40,5,1,1
BRDA:51,6,0,1
BRDA:51,6,1,0
BRDA:53,7,0,0
BRDA:53,8,0,1
BRDA:53,8,1,1
BRDA:63,9,0,1
BRDA:63,9,1,0
BRDA:64,10,0,1
BRDA:64,10,1,0
BRDA:69,11,0,1
BRDA:69,11,1,0
BRDA:82,12,0,1
BRDA:82,12,1,0
BRF:24
BRH:13
end_of_record
TN:
SF:src\router\users\user.model.ts
FNF:0
FNH:0
DA:4,15
LF:1
LH:1
BRF:0
BRH:0
end_of_record
TN:
SF:src\router\users\user.router.ts
FNF:0
FNH:0
DA:4,5
DA:6,5
DA:7,5
DA:8,5
DA:9,5
DA:10,5
LF:6
LH:6
BRF:0
BRH:0
end_of_record
TN:
SF:src\router\users\user.schema.ts
FNF:0
FNH:0
DA:12,15
LF:1
LH:1
BRF:0
BRH:0
end_of_record
TN:
SF:src\tests\testDb.ts
FN:6,connectTestDb
FN:12,disconnectTestDb
FN:20,clearTestDb
FN:22,(anonymous_3)
FNF:4
FNH:4
FNDA:15,connectTestDb
FNDA:15,disconnectTestDb
FNDA:49,clearTestDb
FNDA:113,(anonymous_3)
DA:4,15
DA:7,15
DA:8,15
DA:9,15
DA:13,15
DA:14,15
DA:15,15
DA:16,15
DA:21,49
DA:22,113
LF:10
LH:10
BRDA:14,0,0,15
BRF:1
BRH:1
end_of_record
